TN:
SF:src/js/init.ts
FN:11,checkMenu
FN:19,scrollLoop
FN:48,smoothingVideo
FN:59,loop
FN:75,(anonymous_4)
FN:83,afterLoaded
FN:84,(anonymous_6)
FN:91,(anonymous_7)
FN:93,(anonymous_8)
FN:99,(anonymous_9)
FN:103,(anonymous_10)
FN:108,(anonymous_11)
FN:117,(anonymous_12)
FNF:13
FNH:0
FNDA:0,checkMenu
FNDA:0,scrollLoop
FNDA:0,smoothingVideo
FNDA:0,loop
FNDA:0,(anonymous_4)
FNDA:0,afterLoaded
FNDA:0,(anonymous_6)
FNDA:0,(anonymous_7)
FNDA:0,(anonymous_8)
FNDA:0,(anonymous_9)
FNDA:0,(anonymous_10)
FNDA:0,(anonymous_11)
FNDA:0,(anonymous_12)
DA:1,1
DA:2,1
DA:3,1
DA:4,1
DA:5,1
DA:8,1
DA:9,1
DA:12,0
DA:13,0
DA:15,0
DA:20,0
DA:21,0
DA:22,0
DA:23,0
DA:25,0
DA:26,0
DA:28,0
DA:29,0
DA:30,0
DA:31,0
DA:33,0
DA:34,0
DA:36,0
DA:38,0
DA:39,0
DA:40,0
DA:41,0
DA:42,0
DA:44,0
DA:45,0
DA:48,1
DA:55,0
DA:56,0
DA:60,0
DA:61,0
DA:62,0
DA:63,0
DA:64,0
DA:65,0
DA:69,0
DA:70,0
DA:71,0
DA:72,0
DA:75,0
DA:76,0
DA:77,0
DA:78,0
DA:84,0
DA:85,0
DA:86,0
DA:91,0
DA:92,0
DA:93,0
DA:96,0
DA:99,0
DA:100,0
DA:101,0
DA:103,0
DA:104,0
DA:108,1
DA:109,0
DA:111,0
DA:112,0
DA:113,0
DA:114,0
DA:115,0
DA:116,0
DA:117,0
DA:118,0
DA:119,0
DA:120,0
DA:121,0
DA:125,0
DA:127,1
DA:128,1
LF:75
LH:11
BRDA:12,0,0,0
BRDA:12,0,1,0
BRDA:25,1,0,0
BRDA:28,2,0,0
BRDA:30,3,0,0
BRDA:33,4,0,0
BRDA:38,5,0,0
BRDA:40,6,0,0
BRDA:44,7,0,0
BRDA:62,8,0,0
BRDA:62,9,0,0
BRDA:62,9,1,0
BRDA:64,10,0,0
BRDA:70,11,0,0
BRDA:76,12,0,0
BRDA:85,13,0,0
BRDA:116,14,0,0
BRDA:120,15,0,0
BRF:18
BRH:0
end_of_record
